<?xml version="1.0" encoding="UTF-8"?>
<!DOCTYPE beans PUBLIC "-//SPRING//DTD BEAN//EN" "http://www.springframework.org/dtd/spring-beans.dtd">
<beans>

  <bean id="propertyConfigurer" class="org.springframework.beans.factory.config.PropertyPlaceholderConfigurer">
    <!--todo relative path?-->
    <property name="location"><value>classpath:tests.properties</value></property>
  </bean>

  <bean id="abstractDbConnector" class="com.opengamma.util.db.DbConnectorFactoryBean" abstract="true">
    <property name="transactionIsolationLevelName" value="ISOLATION_READ_COMMITTED" />
    <property name="transactionPropagationBehaviorName" value="PROPAGATION_REQUIRED" />
    <property name="hibernateMappingFiles">
      <list>
        <bean class="com.opengamma.masterdb.security.hibernate.HibernateSecurityMasterFiles"/>
      </list>
    </property>
  </bean>

  <!-- ============================================================================== -->
  <bean id="hsqldbDataSource" class="com.jolbox.bonecp.BoneCPDataSource" destroy-method="close">
    <property name="driverClass" value="${hsqldb.jdbc.driver}"/>
    <property name="jdbcUrl" value="${hsqldb.jdbc.url}/test_${user.name}"/>
    <property name="username" value="${hsqldb.jdbc.username}"/>
    <property name="password" value="${hsqldb.jdbc.password}"/>
    <property name="poolName" value="FinancialTestsHSQL"/>
    <property name="partitionCount" value="1"/>
    <property name="acquireIncrement" value="1"/>
    <property name="maxConnectionsPerPartition" value="1"/>
    <property name="acquireRetryAttempts" value="2"/>
    <property name="acquireRetryDelayInMs" value="2000"/>
  </bean>

  <bean id="hsqldbDbConnector" parent="abstractDbConnector">
    <property name="name" value="FinancialTestsHSQL"/>
    <property name="dataSource" ref="hsqldbDataSource"/>
    <property name="dialectName" value="com.opengamma.util.db.HSQLDbDialect"/>
  </bean>

  <bean id="hsqldbDbConfigMaster" class="com.opengamma.masterdb.config.DbConfigMaster">
    <constructor-arg ref="hsqldbDbConnector" />
  </bean>

  <bean id="hsqldbDbPortfolioMaster" class="com.opengamma.masterdb.portfolio.DbPortfolioMaster">
    <constructor-arg ref="hsqldbDbConnector" />
  </bean>

  <bean id="hsqldbDbPositionMaster" class="com.opengamma.masterdb.position.DbPositionMaster">
    <constructor-arg ref="hsqldbDbConnector" />
  </bean>

  <bean id="hsqldbDbSecurityMaster" class="com.opengamma.masterdb.security.DbSecurityMaster">
    <constructor-arg ref="hsqldbDbConnector" />
    <property name="detailProvider">
      <bean class="com.opengamma.masterdb.security.hibernate.HibernateSecurityMasterDetailProvider" />
    </property>
  </bean>

  <bean id="hsqldbDbHistoricalTimeSeriesMaster" class="com.opengamma.masterdb.historicaltimeseries.DbHistoricalTimeSeriesMaster">
    <constructor-arg ref="hsqldbDbConnector" />
  </bean>

  <bean id="hsqldbDbExchangeMaster" class="com.opengamma.masterdb.exchange.DbExchangeMaster">
    <constructor-arg ref="hsqldbDbConnector" />
  </bean>
  
  <bean id="hsqldbDbMarketDataSnapshotMaster" class="com.opengamma.masterdb.marketdatasnapshot.DbMarketDataSnapshotMaster">
    <constructor-arg ref="hsqldbDbConnector" />
  </bean>

  <bean id="hsqldbDbHolidayMaster" class="com.opengamma.masterdb.holiday.DbHolidayMaster">
    <constructor-arg ref="hsqldbDbConnector" />
  </bean>
  
  <bean id="hsqldbDbFunctionCostsMaster" class="com.opengamma.masterdb.engine.stats.DbFunctionCostsMaster">
    <constructor-arg ref="hsqldbDbConnector" />
  </bean>

  <!-- ============================================================================== -->
  <bean id="postgresDataSource" class="com.jolbox.bonecp.BoneCPDataSource" destroy-method="close">
    <property name="driverClass" value="${postgres.jdbc.driver}"/>
    <property name="jdbcUrl" value="${postgres.jdbc.url}/test_${user.name}"/>
    <property name="username" value="${postgres.jdbc.username}"/>
    <property name="password" value="${postgres.jdbc.password}"/>
    <property name="poolName" value="FinancialTestsPostgres"/>
    <property name="partitionCount" value="1"/>
    <property name="acquireIncrement" value="1"/>
    <property name="maxConnectionsPerPartition" value="1"/>
    <property name="acquireRetryAttempts" value="2"/>
    <property name="acquireRetryDelayInMs" value="2000"/>
  </bean>

  <bean id="postgresDbConnector" parent="abstractDbConnector">
    <property name="name" value="FinancialTestsPostgres"/>
    <property name="dataSource" ref="postgresDataSource"/>
    <property name="dialectName" value="com.opengamma.util.db.PostgresDbDialect"/>
  </bean>

  <bean id="postgresDbConfigMaster" class="com.opengamma.masterdb.config.DbConfigMaster">
    <constructor-arg ref="postgresDbConnector" />
  </bean>

  <bean id="postgresDbPortfolioMaster" class="com.opengamma.masterdb.portfolio.DbPortfolioMaster">
    <constructor-arg ref="postgresDbConnector" />
  </bean>

  <bean id="postgresDbPositionMaster" class="com.opengamma.masterdb.position.DbPositionMaster">
    <constructor-arg ref="postgresDbConnector" />
  </bean>

  <bean id="postgresDbSecurityMaster" class="com.opengamma.masterdb.security.DbSecurityMaster">
    <constructor-arg ref="postgresDbConnector" />
    <property name="detailProvider">
      <bean class="com.opengamma.masterdb.security.hibernate.HibernateSecurityMasterDetailProvider" />
    </property>
  </bean>

  <bean id="postgresDbHistoricalTimeSeriesMaster" class="com.opengamma.masterdb.historicaltimeseries.DbHistoricalTimeSeriesMaster">
    <constructor-arg ref="postgresDbConnector" />
  </bean>

  <bean id="postgresDbExchangeMaster" class="com.opengamma.masterdb.exchange.DbExchangeMaster">
    <constructor-arg ref="postgresDbConnector" />
  </bean>
  
  <bean id="postgresDbMarketDataSnapshotMaster" class="com.opengamma.masterdb.marketdatasnapshot.DbMarketDataSnapshotMaster">
    <constructor-arg ref="postgresDbConnector" />
  </bean>

  <bean id="postgresDbHolidayMaster" class="com.opengamma.masterdb.holiday.DbHolidayMaster">
    <constructor-arg ref="postgresDbConnector" />
  </bean>
  
  <bean id="postgresDbFunctionCostsMaster" class="com.opengamma.masterdb.engine.stats.DbFunctionCostsMaster">
    <constructor-arg ref="postgresDbConnector" />
  </bean>

</beans>
