<?xml version="1.0" encoding="UTF-8"?>
<!DOCTYPE beans PUBLIC "-//SPRING//DTD BEAN//EN" "http://www.springframework.org/dtd/spring-beans.dtd">

<beans>

	<bean id="propertyConfigurer"
		class="org.springframework.beans.factory.config.PropertyPlaceholderConfigurer">
		<property name="location">
			<value>classpath:tests.properties</value>
		</property>
	</bean>

	<!-- Bloomberg Reference Data Provider -->
  <bean id="bloombergConnector" class="com.opengamma.bbg.BloombergConnector">
    <constructor-arg value="Test"/>
    <constructor-arg>
      <bean class="com.bloomberglp.blpapi.SessionOptions">
        <property name="serverHost" value="${bbgServer.host}" />
        <property name="serverPort" value="${bbgServer.port}" />
      </bean>
    </constructor-arg>
  </bean>

  <bean id="refDataProvider" class="com.opengamma.bbg.BloombergReferenceDataProvider">
    <constructor-arg ref="bloombergConnector" />
  </bean>

  <!-- Caching Reference Data Provider -->
  <bean id="mongoConnector" class="com.opengamma.util.mongo.MongoConnectorFactoryBean">
    <property name="name" value="BloombergReferenceData" />
    <property name="host" value="${mongoServer.host}" />
    <property name="port" value="${mongoServer.port}" /> 	
    <property name="databaseName" value="testReferenceData" />
    <property name="collectionSuffix" value="bloomberg-security-loader-test-context" />
  </bean>

  <bean id="cachingRefDataProvider" class="com.opengamma.bbg.MongoDBCachingReferenceDataProvider">
    <constructor-arg ref="refDataProvider" />
    <constructor-arg ref="mongoConnector"/>
  </bean>

	<bean id="requestReceiver"
		class="com.opengamma.bbg.server.ReferenceDataProviderRequestReceiver">
		<constructor-arg ref="cachingRefDataProvider" />
	</bean>

	<bean id="requestDispatcher" class="com.opengamma.transport.FudgeRequestDispatcher">
		<constructor-arg ref="requestReceiver" />
	</bean>

	<bean id="jmsByteArrayRequestDispatcher"
		class="com.opengamma.transport.jms.JmsByteArrayRequestDispatcher">
		<constructor-arg ref="requestDispatcher" />
	</bean>

	<!-- JMS ConnectionFactory to use -->
	<bean id="jmsConnectionFactory" class="org.apache.activemq.ActiveMQConnectionFactory">
		<property name="brokerURL" value="${activeMQ.brokerURL}" />
	</bean>

	<!-- and this is the message listener container -->
	<bean id="jmsContainer"
		class="org.springframework.jms.listener.DefaultMessageListenerContainer">
		<property name="connectionFactory" ref="jmsConnectionFactory" />
		<property name="destinationName" value="${activeMQ.destinationName}" />
		<property name="messageListener" ref="jmsByteArrayRequestDispatcher" />
		<property name="pubSubDomain" value="false" />
	</bean>

</beans>
